2024-09-26 16:57:04,880 [Worker-2: Loading available Gradle versions] INFO  o.e.b.c.i.u.g.PublishedGradleVersions - Gradle version information cache is out-of-date. Trying to update.
2024-09-30 15:15:06,036 [Worker-1: Loading available Gradle versions] INFO  o.e.b.c.i.u.g.PublishedGradleVersions - Gradle version information cache is up-to-date. Trying to read.
2024-09-30 15:15:54,377 [Worker-2: Importing Maven projects] INFO  o.e.m.c.i.l.LifecycleMappingFactory - Using org.eclipse.m2e.jdt.JarLifecycleMapping lifecycle mapping for MavenProject: com.symplorejava:wareHouseProject:0.0.1-SNAPSHOT @ C:\Users\Swati\source\repos\Advanced Java\wareHouseProject\pom.xml.
2024-09-30 15:15:54,594 [Worker-2: Importing Maven projects] INFO  o.e.m.j.i.AbstractJavaProjectConfigurator - Adding source folder /wareHouseProject/src/main/java
2024-09-30 15:15:54,618 [Worker-2: Importing Maven projects] INFO  o.e.m.j.i.AbstractJavaProjectConfigurator - Adding resource folder /wareHouseProject/src/main/resources
2024-09-30 15:15:54,619 [Worker-2: Importing Maven projects] INFO  o.e.m.j.i.AbstractJavaProjectConfigurator - Adding source folder /wareHouseProject/src/test/java
2024-09-30 15:15:54,619 [Worker-2: Importing Maven projects] INFO  o.e.m.j.i.AbstractJavaProjectConfigurator - Adding resource folder /wareHouseProject/src/test/resources
2024-09-30 15:15:54,661 [Worker-2: Importing Maven projects] INFO  o.e.m.c.i.p.ProjectConfigurationManager - Imported and configured 1 project(s) in 1 sec
2024-09-30 15:15:55,538 [Worker-23: Building] INFO  o.a.m.s.f.DefaultMavenResourcesFiltering - skip non existing resourceDirectory C:\Users\Swati\source\repos\Advanced Java\wareHouseProject\src\main\resources
2024-09-30 15:15:55,543 [Worker-23: Building] INFO  o.a.m.s.f.DefaultMavenResourcesFiltering - skip non existing resourceDirectory C:\Users\Swati\source\repos\Advanced Java\wareHouseProject\src\test\resources
2024-09-30 15:16:46,653 [Worker-12: Building] INFO  o.a.m.s.f.DefaultMavenResourcesFiltering - skip non existing resourceDirectory C:\Users\Swati\source\repos\Advanced Java\wareHouseProject\src\main\resources
2024-09-30 15:16:46,657 [Worker-12: Building] INFO  o.a.m.s.f.DefaultMavenResourcesFiltering - skip non existing resourceDirectory C:\Users\Swati\source\repos\Advanced Java\wareHouseProject\src\test\resources
2024-09-30 15:17:25,791 [Worker-5: Building] INFO  o.a.m.s.f.DefaultMavenResourcesFiltering - skip non existing resourceDirectory C:\Users\Swati\source\repos\Advanced Java\wareHouseProject\src\main\resources
2024-09-30 15:17:25,794 [Worker-5: Building] INFO  o.a.m.s.f.DefaultMavenResourcesFiltering - skip non existing resourceDirectory C:\Users\Swati\source\repos\Advanced Java\wareHouseProject\src\test\resources
2024-09-30 15:19:29,268 [Worker-30: Building] INFO  o.e.m.c.i.l.LifecycleMappingFactory - Using org.eclipse.m2e.jdt.JarLifecycleMapping lifecycle mapping for MavenProject: com.symplorejava:wareHouseProject:0.0.1-SNAPSHOT @ C:\Users\Swati\source\repos\Advanced Java\wareHouseProject\pom.xml.
2024-09-30 15:19:29,296 [Worker-30: Building] WARN  o.e.m.c.i.embedder.EclipseLogger - The artifact mysql:mysql-connector-java:jar:8.0.33 has been relocated to com.mysql:mysql-connector-j:jar:8.0.33: MySQL Connector/J artifacts moved to reverse-DNS compliant Maven 2+ coordinates.
2024-09-30 15:19:29,523 [Worker-30: Building] INFO  o.a.m.s.f.DefaultMavenResourcesFiltering - skip non existing resourceDirectory C:\Users\Swati\source\repos\Advanced Java\wareHouseProject\src\main\resources
2024-09-30 15:19:29,531 [Worker-30: Building] INFO  o.a.m.s.f.DefaultMavenResourcesFiltering - skip non existing resourceDirectory C:\Users\Swati\source\repos\Advanced Java\wareHouseProject\src\test\resources
2024-09-30 15:19:31,123 [Worker-26: Building] INFO  o.a.m.s.f.DefaultMavenResourcesFiltering - skip non existing resourceDirectory C:\Users\Swati\source\repos\Advanced Java\wareHouseProject\src\main\resources
2024-09-30 15:19:31,124 [Worker-26: Building] INFO  o.a.m.s.f.DefaultMavenResourcesFiltering - skip non existing resourceDirectory C:\Users\Swati\source\repos\Advanced Java\wareHouseProject\src\test\resources
2024-09-30 15:20:34,473 [Worker-11: Building] INFO  o.a.m.s.f.DefaultMavenResourcesFiltering - skip non existing resourceDirectory C:\Users\Swati\source\repos\Advanced Java\wareHouseProject\src\main\resources
2024-09-30 15:20:34,498 [Worker-11: Building] INFO  o.a.m.s.f.DefaultMavenResourcesFiltering - skip non existing resourceDirectory C:\Users\Swati\source\repos\Advanced Java\wareHouseProject\src\test\resources
2024-09-30 15:21:07,715 [Worker-24: Building] INFO  o.a.m.s.f.DefaultMavenResourcesFiltering - skip non existing resourceDirectory C:\Users\Swati\source\repos\Advanced Java\wareHouseProject\src\main\resources
2024-09-30 15:21:07,718 [Worker-24: Building] INFO  o.a.m.s.f.DefaultMavenResourcesFiltering - skip non existing resourceDirectory C:\Users\Swati\source\repos\Advanced Java\wareHouseProject\src\test\resources
2024-09-30 15:21:49,715 [Worker-6: Launching App] INFO  o.a.m.s.f.DefaultMavenResourcesFiltering - skip non existing resourceDirectory C:\Users\Swati\source\repos\Advanced Java\wareHouseProject\src\main\resources
2024-09-30 15:21:49,716 [Worker-6: Launching App] INFO  o.a.m.s.f.DefaultMavenResourcesFiltering - skip non existing resourceDirectory C:\Users\Swati\source\repos\Advanced Java\wareHouseProject\src\test\resources
2024-09-30 15:22:08,602 [Worker-18: Building] INFO  o.a.m.s.f.DefaultMavenResourcesFiltering - skip non existing resourceDirectory C:\Users\Swati\source\repos\Advanced Java\wareHouseProject\src\main\resources
2024-09-30 15:22:08,605 [Worker-18: Building] INFO  o.a.m.s.f.DefaultMavenResourcesFiltering - skip non existing resourceDirectory C:\Users\Swati\source\repos\Advanced Java\wareHouseProject\src\test\resources
2024-09-30 15:23:00,275 [Worker-22: Building] INFO  o.a.m.s.f.DefaultMavenResourcesFiltering - skip non existing resourceDirectory C:\Users\Swati\source\repos\Advanced Java\wareHouseProject\src\main\resources
2024-09-30 15:23:00,278 [Worker-22: Building] INFO  o.a.m.s.f.DefaultMavenResourcesFiltering - skip non existing resourceDirectory C:\Users\Swati\source\repos\Advanced Java\wareHouseProject\src\test\resources
2024-09-30 15:23:13,479 [main] INFO  o.e.m2e.actions.ExecutePomAction - Creating new launch configuration
2024-09-30 15:23:24,989 [Worker-5: Launching wareHouseProject] INFO  o.eclipse.m2e.core.internal.Bundles - getClasspathEntries(Bundle=org.eclipse.m2e.maven.runtime_3.9.700.20240602-2313 [299])
2024-09-30 15:23:24,992 [Worker-5: Launching wareHouseProject] INFO  o.eclipse.m2e.core.internal.Bundles - 	Entry: C:\Users\Swati\.p2\pool\plugins\org.eclipse.m2e.maven.runtime_3.9.700.20240602-2313
2024-09-30 15:23:24,992 [Worker-5: Launching wareHouseProject] INFO  o.eclipse.m2e.core.internal.Bundles - 	Entry: C:\Users\Swati\.p2\pool\plugins\org.eclipse.m2e.maven.runtime_3.9.700.20240602-2313\jars\aopalliance-1.0.jar
2024-09-30 15:23:24,992 [Worker-5: Launching wareHouseProject] INFO  o.eclipse.m2e.core.internal.Bundles - 	Entry: C:\Users\Swati\.p2\pool\plugins\org.eclipse.m2e.maven.runtime_3.9.700.20240602-2313\jars\guice-5.1.0.jar
2024-09-30 15:23:24,993 [Worker-5: Launching wareHouseProject] INFO  o.eclipse.m2e.core.internal.Bundles - 	Entry: C:\Users\Swati\.p2\pool\plugins\org.eclipse.m2e.maven.runtime_3.9.700.20240602-2313\jars\httpclient-4.5.14.jar
2024-09-30 15:23:24,993 [Worker-5: Launching wareHouseProject] INFO  o.eclipse.m2e.core.internal.Bundles - 	Entry: C:\Users\Swati\.p2\pool\plugins\org.eclipse.m2e.maven.runtime_3.9.700.20240602-2313\jars\httpcore-4.4.16.jar
2024-09-30 15:23:24,993 [Worker-5: Launching wareHouseProject] INFO  o.eclipse.m2e.core.internal.Bundles - 	Entry: C:\Users\Swati\.p2\pool\plugins\org.eclipse.m2e.maven.runtime_3.9.700.20240602-2313\jars\jansi-2.4.1.jar
2024-09-30 15:23:24,993 [Worker-5: Launching wareHouseProject] INFO  o.eclipse.m2e.core.internal.Bundles - 	Entry: C:\Users\Swati\.p2\pool\plugins\org.eclipse.m2e.maven.runtime_3.9.700.20240602-2313\jars\jcl-over-slf4j-1.7.36.jar
2024-09-30 15:23:24,993 [Worker-5: Launching wareHouseProject] INFO  o.eclipse.m2e.core.internal.Bundles - 	Entry: C:\Users\Swati\.p2\pool\plugins\org.eclipse.m2e.maven.runtime_3.9.700.20240602-2313\jars\maven-artifact-3.9.7.jar
2024-09-30 15:23:24,994 [Worker-5: Launching wareHouseProject] INFO  o.eclipse.m2e.core.internal.Bundles - 	Entry: C:\Users\Swati\.p2\pool\plugins\org.eclipse.m2e.maven.runtime_3.9.700.20240602-2313\jars\maven-builder-support-3.9.7.jar
2024-09-30 15:23:24,994 [Worker-5: Launching wareHouseProject] INFO  o.eclipse.m2e.core.internal.Bundles - 	Entry: C:\Users\Swati\.p2\pool\plugins\org.eclipse.m2e.maven.runtime_3.9.700.20240602-2313\jars\maven-compat-3.9.7.jar
2024-09-30 15:23:24,994 [Worker-5: Launching wareHouseProject] INFO  o.eclipse.m2e.core.internal.Bundles - 	Entry: C:\Users\Swati\.p2\pool\plugins\org.eclipse.m2e.maven.runtime_3.9.700.20240602-2313\jars\maven-core-3.9.7.jar
2024-09-30 15:23:24,994 [Worker-5: Launching wareHouseProject] INFO  o.eclipse.m2e.core.internal.Bundles - 	Entry: C:\Users\Swati\.p2\pool\plugins\org.eclipse.m2e.maven.runtime_3.9.700.20240602-2313\jars\maven-embedder-3.9.7.jar
2024-09-30 15:23:24,994 [Worker-5: Launching wareHouseProject] INFO  o.eclipse.m2e.core.internal.Bundles - 	Entry: C:\Users\Swati\.p2\pool\plugins\org.eclipse.m2e.maven.runtime_3.9.700.20240602-2313\jars\maven-model-3.9.7.jar
2024-09-30 15:23:24,994 [Worker-5: Launching wareHouseProject] INFO  o.eclipse.m2e.core.internal.Bundles - 	Entry: C:\Users\Swati\.p2\pool\plugins\org.eclipse.m2e.maven.runtime_3.9.700.20240602-2313\jars\maven-model-builder-3.9.7.jar
2024-09-30 15:23:24,994 [Worker-5: Launching wareHouseProject] INFO  o.eclipse.m2e.core.internal.Bundles - 	Entry: C:\Users\Swati\.p2\pool\plugins\org.eclipse.m2e.maven.runtime_3.9.700.20240602-2313\jars\maven-plugin-api-3.9.7.jar
2024-09-30 15:23:24,996 [Worker-5: Launching wareHouseProject] INFO  o.eclipse.m2e.core.internal.Bundles - 	Entry: C:\Users\Swati\.p2\pool\plugins\org.eclipse.m2e.maven.runtime_3.9.700.20240602-2313\jars\maven-repository-metadata-3.9.7.jar
2024-09-30 15:23:24,996 [Worker-5: Launching wareHouseProject] INFO  o.eclipse.m2e.core.internal.Bundles - 	Entry: C:\Users\Swati\.p2\pool\plugins\org.eclipse.m2e.maven.runtime_3.9.700.20240602-2313\jars\maven-resolver-api-1.9.20.jar
2024-09-30 15:23:24,996 [Worker-5: Launching wareHouseProject] INFO  o.eclipse.m2e.core.internal.Bundles - 	Entry: C:\Users\Swati\.p2\pool\plugins\org.eclipse.m2e.maven.runtime_3.9.700.20240602-2313\jars\maven-resolver-connector-basic-1.9.20.jar
2024-09-30 15:23:24,996 [Worker-5: Launching wareHouseProject] INFO  o.eclipse.m2e.core.internal.Bundles - 	Entry: C:\Users\Swati\.p2\pool\plugins\org.eclipse.m2e.maven.runtime_3.9.700.20240602-2313\jars\maven-resolver-impl-1.9.20.jar
2024-09-30 15:23:24,996 [Worker-5: Launching wareHouseProject] INFO  o.eclipse.m2e.core.internal.Bundles - 	Entry: C:\Users\Swati\.p2\pool\plugins\org.eclipse.m2e.maven.runtime_3.9.700.20240602-2313\jars\maven-resolver-named-locks-1.9.20.jar
2024-09-30 15:23:24,996 [Worker-5: Launching wareHouseProject] INFO  o.eclipse.m2e.core.internal.Bundles - 	Entry: C:\Users\Swati\.p2\pool\plugins\org.eclipse.m2e.maven.runtime_3.9.700.20240602-2313\jars\maven-resolver-provider-3.9.7.jar
2024-09-30 15:23:24,996 [Worker-5: Launching wareHouseProject] INFO  o.eclipse.m2e.core.internal.Bundles - 	Entry: C:\Users\Swati\.p2\pool\plugins\org.eclipse.m2e.maven.runtime_3.9.700.20240602-2313\jars\maven-resolver-spi-1.9.20.jar
2024-09-30 15:23:24,996 [Worker-5: Launching wareHouseProject] INFO  o.eclipse.m2e.core.internal.Bundles - 	Entry: C:\Users\Swati\.p2\pool\plugins\org.eclipse.m2e.maven.runtime_3.9.700.20240602-2313\jars\maven-resolver-transport-file-1.9.20.jar
2024-09-30 15:23:24,997 [Worker-5: Launching wareHouseProject] INFO  o.eclipse.m2e.core.internal.Bundles - 	Entry: C:\Users\Swati\.p2\pool\plugins\org.eclipse.m2e.maven.runtime_3.9.700.20240602-2313\jars\maven-resolver-transport-http-1.9.20.jar
2024-09-30 15:23:24,997 [Worker-5: Launching wareHouseProject] INFO  o.eclipse.m2e.core.internal.Bundles - 	Entry: C:\Users\Swati\.p2\pool\plugins\org.eclipse.m2e.maven.runtime_3.9.700.20240602-2313\jars\maven-resolver-transport-wagon-1.9.20.jar
2024-09-30 15:23:24,997 [Worker-5: Launching wareHouseProject] INFO  o.eclipse.m2e.core.internal.Bundles - 	Entry: C:\Users\Swati\.p2\pool\plugins\org.eclipse.m2e.maven.runtime_3.9.700.20240602-2313\jars\maven-resolver-util-1.9.20.jar
2024-09-30 15:23:24,997 [Worker-5: Launching wareHouseProject] INFO  o.eclipse.m2e.core.internal.Bundles - 	Entry: C:\Users\Swati\.p2\pool\plugins\org.eclipse.m2e.maven.runtime_3.9.700.20240602-2313\jars\maven-settings-3.9.7.jar
2024-09-30 15:23:24,997 [Worker-5: Launching wareHouseProject] INFO  o.eclipse.m2e.core.internal.Bundles - 	Entry: C:\Users\Swati\.p2\pool\plugins\org.eclipse.m2e.maven.runtime_3.9.700.20240602-2313\jars\maven-settings-builder-3.9.7.jar
2024-09-30 15:23:24,997 [Worker-5: Launching wareHouseProject] INFO  o.eclipse.m2e.core.internal.Bundles - 	Entry: C:\Users\Swati\.p2\pool\plugins\org.eclipse.m2e.maven.runtime_3.9.700.20240602-2313\jars\maven-shared-utils-3.4.2.jar
2024-09-30 15:23:24,997 [Worker-5: Launching wareHouseProject] INFO  o.eclipse.m2e.core.internal.Bundles - 	Entry: C:\Users\Swati\.p2\pool\plugins\org.eclipse.m2e.maven.runtime_3.9.700.20240602-2313\jars\org.eclipse.sisu.inject-0.9.0.M2.jar
2024-09-30 15:23:24,997 [Worker-5: Launching wareHouseProject] INFO  o.eclipse.m2e.core.internal.Bundles - 	Entry: C:\Users\Swati\.p2\pool\plugins\org.eclipse.m2e.maven.runtime_3.9.700.20240602-2313\jars\org.eclipse.sisu.plexus-0.9.0.M2.jar
2024-09-30 15:23:24,997 [Worker-5: Launching wareHouseProject] INFO  o.eclipse.m2e.core.internal.Bundles - 	Entry: C:\Users\Swati\.p2\pool\plugins\org.eclipse.m2e.maven.runtime_3.9.700.20240602-2313\jars\plexus-build-api-0.0.7.jar
2024-09-30 15:23:24,997 [Worker-5: Launching wareHouseProject] INFO  o.eclipse.m2e.core.internal.Bundles - 	Entry: C:\Users\Swati\.p2\pool\plugins\org.eclipse.m2e.maven.runtime_3.9.700.20240602-2313\jars\plexus-build-api-1.2.0.jar
2024-09-30 15:23:24,997 [Worker-5: Launching wareHouseProject] INFO  o.eclipse.m2e.core.internal.Bundles - 	Entry: C:\Users\Swati\.p2\pool\plugins\org.eclipse.m2e.maven.runtime_3.9.700.20240602-2313\jars\plexus-cipher-2.0.jar
2024-09-30 15:23:24,998 [Worker-5: Launching wareHouseProject] INFO  o.eclipse.m2e.core.internal.Bundles - 	Entry: C:\Users\Swati\.p2\pool\plugins\org.eclipse.m2e.maven.runtime_3.9.700.20240602-2313\jars\plexus-classworlds-2.8.0.jar
2024-09-30 15:23:24,998 [Worker-5: Launching wareHouseProject] INFO  o.eclipse.m2e.core.internal.Bundles - 	Entry: C:\Users\Swati\.p2\pool\plugins\org.eclipse.m2e.maven.runtime_3.9.700.20240602-2313\jars\plexus-component-annotations-2.1.0.jar
2024-09-30 15:23:24,998 [Worker-5: Launching wareHouseProject] INFO  o.eclipse.m2e.core.internal.Bundles - 	Entry: C:\Users\Swati\.p2\pool\plugins\org.eclipse.m2e.maven.runtime_3.9.700.20240602-2313\jars\plexus-interpolation-1.27.jar
2024-09-30 15:23:24,998 [Worker-5: Launching wareHouseProject] INFO  o.eclipse.m2e.core.internal.Bundles - 	Entry: C:\Users\Swati\.p2\pool\plugins\org.eclipse.m2e.maven.runtime_3.9.700.20240602-2313\jars\plexus-sec-dispatcher-2.0.jar
2024-09-30 15:23:24,998 [Worker-5: Launching wareHouseProject] INFO  o.eclipse.m2e.core.internal.Bundles - 	Entry: C:\Users\Swati\.p2\pool\plugins\org.eclipse.m2e.maven.runtime_3.9.700.20240602-2313\jars\plexus-utils-3.5.1.jar
2024-09-30 15:23:24,998 [Worker-5: Launching wareHouseProject] INFO  o.eclipse.m2e.core.internal.Bundles - 	Entry: C:\Users\Swati\.p2\pool\plugins\org.eclipse.m2e.maven.runtime_3.9.700.20240602-2313\jars\wagon-file-3.5.3.jar
2024-09-30 15:23:24,998 [Worker-5: Launching wareHouseProject] INFO  o.eclipse.m2e.core.internal.Bundles - 	Entry: C:\Users\Swati\.p2\pool\plugins\org.eclipse.m2e.maven.runtime_3.9.700.20240602-2313\jars\wagon-http-3.5.3.jar
2024-09-30 15:23:24,998 [Worker-5: Launching wareHouseProject] INFO  o.eclipse.m2e.core.internal.Bundles - 	Entry: C:\Users\Swati\.p2\pool\plugins\org.eclipse.m2e.maven.runtime_3.9.700.20240602-2313\jars\wagon-http-shared-3.5.3.jar
2024-09-30 15:23:24,998 [Worker-5: Launching wareHouseProject] INFO  o.eclipse.m2e.core.internal.Bundles - 	Entry: C:\Users\Swati\.p2\pool\plugins\org.eclipse.m2e.maven.runtime_3.9.700.20240602-2313\jars\wagon-provider-api-3.5.3.jar
2024-09-30 15:23:25,000 [Worker-5: Launching wareHouseProject] INFO  o.eclipse.m2e.core.internal.Bundles - getClasspathEntries(Bundle=com.google.guava_33.2.0.jre [10])
2024-09-30 15:23:25,000 [Worker-5: Launching wareHouseProject] INFO  o.eclipse.m2e.core.internal.Bundles - 	Entry: C:\Users\Swati\.p2\pool\plugins\com.google.guava_33.2.0.jre.jar
2024-09-30 15:23:25,000 [Worker-5: Launching wareHouseProject] INFO  o.eclipse.m2e.core.internal.Bundles - getClasspathEntries(Bundle=slf4j.api_2.0.13 [520])
2024-09-30 15:23:25,000 [Worker-5: Launching wareHouseProject] INFO  o.eclipse.m2e.core.internal.Bundles - 	Entry: C:\Users\Swati\.p2\pool\plugins\slf4j.api_2.0.13.jar
2024-09-30 15:23:25,000 [Worker-5: Launching wareHouseProject] INFO  o.eclipse.m2e.core.internal.Bundles - getClasspathEntries(Bundle=jakarta.inject.jakarta.inject-api_1.0.5 [21])
2024-09-30 15:23:25,001 [Worker-5: Launching wareHouseProject] INFO  o.eclipse.m2e.core.internal.Bundles - 	Entry: C:\Users\Swati\.p2\pool\plugins\jakarta.inject.jakarta.inject-api_1.0.5.jar
2024-09-30 15:23:25,001 [Worker-5: Launching wareHouseProject] INFO  o.eclipse.m2e.core.internal.Bundles - getClasspathEntries(Bundle=javax.annotation_1.3.5.v20200909-1856 [24])
2024-09-30 15:23:25,001 [Worker-5: Launching wareHouseProject] INFO  o.eclipse.m2e.core.internal.Bundles - 	Entry: C:\Users\Swati\.p2\pool\plugins\javax.annotation_1.3.5.v20200909-1856.jar
2024-09-30 15:23:25,001 [Worker-5: Launching wareHouseProject] INFO  o.eclipse.m2e.core.internal.Bundles - getClasspathEntries(Bundle=org.apache.commons.cli_1.8.0 [47])
2024-09-30 15:23:25,001 [Worker-5: Launching wareHouseProject] INFO  o.eclipse.m2e.core.internal.Bundles - 	Entry: C:\Users\Swati\.p2\pool\plugins\org.apache.commons.cli_1.8.0.jar
2024-09-30 15:23:25,001 [Worker-5: Launching wareHouseProject] INFO  o.eclipse.m2e.core.internal.Bundles - getClasspathEntries(Bundle=org.apache.commons.commons-codec_1.16.0 [48])
2024-09-30 15:23:25,002 [Worker-5: Launching wareHouseProject] INFO  o.eclipse.m2e.core.internal.Bundles - 	Entry: C:\Users\Swati\.p2\pool\plugins\org.apache.commons.commons-codec_1.16.0.jar
2024-09-30 15:23:25,002 [Worker-5: Launching wareHouseProject] INFO  o.eclipse.m2e.core.internal.Bundles - getClasspathEntries(Bundle=org.apache.commons.lang3_3.14.0 [54])
2024-09-30 15:23:25,002 [Worker-5: Launching wareHouseProject] INFO  o.eclipse.m2e.core.internal.Bundles - 	Entry: C:\Users\Swati\.p2\pool\plugins\org.apache.commons.lang3_3.14.0.jar
2024-09-30 15:23:25,002 [Worker-5: Launching wareHouseProject] INFO  o.eclipse.m2e.core.internal.Bundles - getClasspathEntries(Bundle=com.google.guava.failureaccess_1.0.2 [11])
2024-09-30 15:23:25,002 [Worker-5: Launching wareHouseProject] INFO  o.eclipse.m2e.core.internal.Bundles - 	Entry: C:\Users\Swati\.p2\pool\plugins\com.google.guava.failureaccess_1.0.2.jar
2024-09-30 15:23:25,006 [Worker-5: Launching wareHouseProject] INFO  o.e.m.i.launch.MavenLaunchDelegate - Run build in "C:\Users\Swati\source\repos\Advanced Java\wareHouseProject":
2024-09-30 15:23:25,007 [Worker-5: Launching wareHouseProject] INFO  o.e.m.i.launch.MavenLaunchDelegate -  mvn  -B -Dstyle.color=always clean compile
2024-09-30 15:23:48,109 [Worker-8: Launching Executing install in C__Users_Swati_source_repos_Advanced Java_wareHouseProject] INFO  o.eclipse.m2e.core.internal.Bundles - getClasspathEntries(Bundle=org.eclipse.m2e.maven.runtime_3.9.700.20240602-2313 [299])
2024-09-30 15:23:48,110 [Worker-8: Launching Executing install in C__Users_Swati_source_repos_Advanced Java_wareHouseProject] INFO  o.eclipse.m2e.core.internal.Bundles - 	Entry: C:\Users\Swati\.p2\pool\plugins\org.eclipse.m2e.maven.runtime_3.9.700.20240602-2313
2024-09-30 15:23:48,110 [Worker-8: Launching Executing install in C__Users_Swati_source_repos_Advanced Java_wareHouseProject] INFO  o.eclipse.m2e.core.internal.Bundles - 	Entry: C:\Users\Swati\.p2\pool\plugins\org.eclipse.m2e.maven.runtime_3.9.700.20240602-2313\jars\aopalliance-1.0.jar
2024-09-30 15:23:48,111 [Worker-8: Launching Executing install in C__Users_Swati_source_repos_Advanced Java_wareHouseProject] INFO  o.eclipse.m2e.core.internal.Bundles - 	Entry: C:\Users\Swati\.p2\pool\plugins\org.eclipse.m2e.maven.runtime_3.9.700.20240602-2313\jars\guice-5.1.0.jar
2024-09-30 15:23:48,111 [Worker-8: Launching Executing install in C__Users_Swati_source_repos_Advanced Java_wareHouseProject] INFO  o.eclipse.m2e.core.internal.Bundles - 	Entry: C:\Users\Swati\.p2\pool\plugins\org.eclipse.m2e.maven.runtime_3.9.700.20240602-2313\jars\httpclient-4.5.14.jar
2024-09-30 15:23:48,111 [Worker-8: Launching Executing install in C__Users_Swati_source_repos_Advanced Java_wareHouseProject] INFO  o.eclipse.m2e.core.internal.Bundles - 	Entry: C:\Users\Swati\.p2\pool\plugins\org.eclipse.m2e.maven.runtime_3.9.700.20240602-2313\jars\httpcore-4.4.16.jar
2024-09-30 15:23:48,111 [Worker-8: Launching Executing install in C__Users_Swati_source_repos_Advanced Java_wareHouseProject] INFO  o.eclipse.m2e.core.internal.Bundles - 	Entry: C:\Users\Swati\.p2\pool\plugins\org.eclipse.m2e.maven.runtime_3.9.700.20240602-2313\jars\jansi-2.4.1.jar
2024-09-30 15:23:48,111 [Worker-8: Launching Executing install in C__Users_Swati_source_repos_Advanced Java_wareHouseProject] INFO  o.eclipse.m2e.core.internal.Bundles - 	Entry: C:\Users\Swati\.p2\pool\plugins\org.eclipse.m2e.maven.runtime_3.9.700.20240602-2313\jars\jcl-over-slf4j-1.7.36.jar
2024-09-30 15:23:48,112 [Worker-8: Launching Executing install in C__Users_Swati_source_repos_Advanced Java_wareHouseProject] INFO  o.eclipse.m2e.core.internal.Bundles - 	Entry: C:\Users\Swati\.p2\pool\plugins\org.eclipse.m2e.maven.runtime_3.9.700.20240602-2313\jars\maven-artifact-3.9.7.jar
2024-09-30 15:23:48,112 [Worker-8: Launching Executing install in C__Users_Swati_source_repos_Advanced Java_wareHouseProject] INFO  o.eclipse.m2e.core.internal.Bundles - 	Entry: C:\Users\Swati\.p2\pool\plugins\org.eclipse.m2e.maven.runtime_3.9.700.20240602-2313\jars\maven-builder-support-3.9.7.jar
2024-09-30 15:23:48,112 [Worker-8: Launching Executing install in C__Users_Swati_source_repos_Advanced Java_wareHouseProject] INFO  o.eclipse.m2e.core.internal.Bundles - 	Entry: C:\Users\Swati\.p2\pool\plugins\org.eclipse.m2e.maven.runtime_3.9.700.20240602-2313\jars\maven-compat-3.9.7.jar
2024-09-30 15:23:48,112 [Worker-8: Launching Executing install in C__Users_Swati_source_repos_Advanced Java_wareHouseProject] INFO  o.eclipse.m2e.core.internal.Bundles - 	Entry: C:\Users\Swati\.p2\pool\plugins\org.eclipse.m2e.maven.runtime_3.9.700.20240602-2313\jars\maven-core-3.9.7.jar
2024-09-30 15:23:48,113 [Worker-8: Launching Executing install in C__Users_Swati_source_repos_Advanced Java_wareHouseProject] INFO  o.eclipse.m2e.core.internal.Bundles - 	Entry: C:\Users\Swati\.p2\pool\plugins\org.eclipse.m2e.maven.runtime_3.9.700.20240602-2313\jars\maven-embedder-3.9.7.jar
2024-09-30 15:23:48,113 [Worker-8: Launching Executing install in C__Users_Swati_source_repos_Advanced Java_wareHouseProject] INFO  o.eclipse.m2e.core.internal.Bundles - 	Entry: C:\Users\Swati\.p2\pool\plugins\org.eclipse.m2e.maven.runtime_3.9.700.20240602-2313\jars\maven-model-3.9.7.jar
2024-09-30 15:23:48,113 [Worker-8: Launching Executing install in C__Users_Swati_source_repos_Advanced Java_wareHouseProject] INFO  o.eclipse.m2e.core.internal.Bundles - 	Entry: C:\Users\Swati\.p2\pool\plugins\org.eclipse.m2e.maven.runtime_3.9.700.20240602-2313\jars\maven-model-builder-3.9.7.jar
2024-09-30 15:23:48,113 [Worker-8: Launching Executing install in C__Users_Swati_source_repos_Advanced Java_wareHouseProject] INFO  o.eclipse.m2e.core.internal.Bundles - 	Entry: C:\Users\Swati\.p2\pool\plugins\org.eclipse.m2e.maven.runtime_3.9.700.20240602-2313\jars\maven-plugin-api-3.9.7.jar
2024-09-30 15:23:48,113 [Worker-8: Launching Executing install in C__Users_Swati_source_repos_Advanced Java_wareHouseProject] INFO  o.eclipse.m2e.core.internal.Bundles - 	Entry: C:\Users\Swati\.p2\pool\plugins\org.eclipse.m2e.maven.runtime_3.9.700.20240602-2313\jars\maven-repository-metadata-3.9.7.jar
2024-09-30 15:23:48,114 [Worker-8: Launching Executing install in C__Users_Swati_source_repos_Advanced Java_wareHouseProject] INFO  o.eclipse.m2e.core.internal.Bundles - 	Entry: C:\Users\Swati\.p2\pool\plugins\org.eclipse.m2e.maven.runtime_3.9.700.20240602-2313\jars\maven-resolver-api-1.9.20.jar
2024-09-30 15:23:48,114 [Worker-8: Launching Executing install in C__Users_Swati_source_repos_Advanced Java_wareHouseProject] INFO  o.eclipse.m2e.core.internal.Bundles - 	Entry: C:\Users\Swati\.p2\pool\plugins\org.eclipse.m2e.maven.runtime_3.9.700.20240602-2313\jars\maven-resolver-connector-basic-1.9.20.jar
2024-09-30 15:23:48,114 [Worker-8: Launching Executing install in C__Users_Swati_source_repos_Advanced Java_wareHouseProject] INFO  o.eclipse.m2e.core.internal.Bundles - 	Entry: C:\Users\Swati\.p2\pool\plugins\org.eclipse.m2e.maven.runtime_3.9.700.20240602-2313\jars\maven-resolver-impl-1.9.20.jar
2024-09-30 15:23:48,114 [Worker-8: Launching Executing install in C__Users_Swati_source_repos_Advanced Java_wareHouseProject] INFO  o.eclipse.m2e.core.internal.Bundles - 	Entry: C:\Users\Swati\.p2\pool\plugins\org.eclipse.m2e.maven.runtime_3.9.700.20240602-2313\jars\maven-resolver-named-locks-1.9.20.jar
2024-09-30 15:23:48,114 [Worker-8: Launching Executing install in C__Users_Swati_source_repos_Advanced Java_wareHouseProject] INFO  o.eclipse.m2e.core.internal.Bundles - 	Entry: C:\Users\Swati\.p2\pool\plugins\org.eclipse.m2e.maven.runtime_3.9.700.20240602-2313\jars\maven-resolver-provider-3.9.7.jar
2024-09-30 15:23:48,115 [Worker-8: Launching Executing install in C__Users_Swati_source_repos_Advanced Java_wareHouseProject] INFO  o.eclipse.m2e.core.internal.Bundles - 	Entry: C:\Users\Swati\.p2\pool\plugins\org.eclipse.m2e.maven.runtime_3.9.700.20240602-2313\jars\maven-resolver-spi-1.9.20.jar
2024-09-30 15:23:48,115 [Worker-8: Launching Executing install in C__Users_Swati_source_repos_Advanced Java_wareHouseProject] INFO  o.eclipse.m2e.core.internal.Bundles - 	Entry: C:\Users\Swati\.p2\pool\plugins\org.eclipse.m2e.maven.runtime_3.9.700.20240602-2313\jars\maven-resolver-transport-file-1.9.20.jar
2024-09-30 15:23:48,115 [Worker-8: Launching Executing install in C__Users_Swati_source_repos_Advanced Java_wareHouseProject] INFO  o.eclipse.m2e.core.internal.Bundles - 	Entry: C:\Users\Swati\.p2\pool\plugins\org.eclipse.m2e.maven.runtime_3.9.700.20240602-2313\jars\maven-resolver-transport-http-1.9.20.jar
2024-09-30 15:23:48,115 [Worker-8: Launching Executing install in C__Users_Swati_source_repos_Advanced Java_wareHouseProject] INFO  o.eclipse.m2e.core.internal.Bundles - 	Entry: C:\Users\Swati\.p2\pool\plugins\org.eclipse.m2e.maven.runtime_3.9.700.20240602-2313\jars\maven-resolver-transport-wagon-1.9.20.jar
2024-09-30 15:23:48,116 [Worker-8: Launching Executing install in C__Users_Swati_source_repos_Advanced Java_wareHouseProject] INFO  o.eclipse.m2e.core.internal.Bundles - 	Entry: C:\Users\Swati\.p2\pool\plugins\org.eclipse.m2e.maven.runtime_3.9.700.20240602-2313\jars\maven-resolver-util-1.9.20.jar
2024-09-30 15:23:48,116 [Worker-8: Launching Executing install in C__Users_Swati_source_repos_Advanced Java_wareHouseProject] INFO  o.eclipse.m2e.core.internal.Bundles - 	Entry: C:\Users\Swati\.p2\pool\plugins\org.eclipse.m2e.maven.runtime_3.9.700.20240602-2313\jars\maven-settings-3.9.7.jar
2024-09-30 15:23:48,116 [Worker-8: Launching Executing install in C__Users_Swati_source_repos_Advanced Java_wareHouseProject] INFO  o.eclipse.m2e.core.internal.Bundles - 	Entry: C:\Users\Swati\.p2\pool\plugins\org.eclipse.m2e.maven.runtime_3.9.700.20240602-2313\jars\maven-settings-builder-3.9.7.jar
2024-09-30 15:23:48,116 [Worker-8: Launching Executing install in C__Users_Swati_source_repos_Advanced Java_wareHouseProject] INFO  o.eclipse.m2e.core.internal.Bundles - 	Entry: C:\Users\Swati\.p2\pool\plugins\org.eclipse.m2e.maven.runtime_3.9.700.20240602-2313\jars\maven-shared-utils-3.4.2.jar
2024-09-30 15:23:48,117 [Worker-8: Launching Executing install in C__Users_Swati_source_repos_Advanced Java_wareHouseProject] INFO  o.eclipse.m2e.core.internal.Bundles - 	Entry: C:\Users\Swati\.p2\pool\plugins\org.eclipse.m2e.maven.runtime_3.9.700.20240602-2313\jars\org.eclipse.sisu.inject-0.9.0.M2.jar
2024-09-30 15:23:48,118 [Worker-8: Launching Executing install in C__Users_Swati_source_repos_Advanced Java_wareHouseProject] INFO  o.eclipse.m2e.core.internal.Bundles - 	Entry: C:\Users\Swati\.p2\pool\plugins\org.eclipse.m2e.maven.runtime_3.9.700.20240602-2313\jars\org.eclipse.sisu.plexus-0.9.0.M2.jar
2024-09-30 15:23:48,118 [Worker-8: Launching Executing install in C__Users_Swati_source_repos_Advanced Java_wareHouseProject] INFO  o.eclipse.m2e.core.internal.Bundles - 	Entry: C:\Users\Swati\.p2\pool\plugins\org.eclipse.m2e.maven.runtime_3.9.700.20240602-2313\jars\plexus-build-api-0.0.7.jar
2024-09-30 15:23:48,119 [Worker-8: Launching Executing install in C__Users_Swati_source_repos_Advanced Java_wareHouseProject] INFO  o.eclipse.m2e.core.internal.Bundles - 	Entry: C:\Users\Swati\.p2\pool\plugins\org.eclipse.m2e.maven.runtime_3.9.700.20240602-2313\jars\plexus-build-api-1.2.0.jar
2024-09-30 15:23:48,119 [Worker-8: Launching Executing install in C__Users_Swati_source_repos_Advanced Java_wareHouseProject] INFO  o.eclipse.m2e.core.internal.Bundles - 	Entry: C:\Users\Swati\.p2\pool\plugins\org.eclipse.m2e.maven.runtime_3.9.700.20240602-2313\jars\plexus-cipher-2.0.jar
2024-09-30 15:23:48,119 [Worker-8: Launching Executing install in C__Users_Swati_source_repos_Advanced Java_wareHouseProject] INFO  o.eclipse.m2e.core.internal.Bundles - 	Entry: C:\Users\Swati\.p2\pool\plugins\org.eclipse.m2e.maven.runtime_3.9.700.20240602-2313\jars\plexus-classworlds-2.8.0.jar
2024-09-30 15:23:48,120 [Worker-8: Launching Executing install in C__Users_Swati_source_repos_Advanced Java_wareHouseProject] INFO  o.eclipse.m2e.core.internal.Bundles - 	Entry: C:\Users\Swati\.p2\pool\plugins\org.eclipse.m2e.maven.runtime_3.9.700.20240602-2313\jars\plexus-component-annotations-2.1.0.jar
2024-09-30 15:23:48,120 [Worker-8: Launching Executing install in C__Users_Swati_source_repos_Advanced Java_wareHouseProject] INFO  o.eclipse.m2e.core.internal.Bundles - 	Entry: C:\Users\Swati\.p2\pool\plugins\org.eclipse.m2e.maven.runtime_3.9.700.20240602-2313\jars\plexus-interpolation-1.27.jar
2024-09-30 15:23:48,121 [Worker-8: Launching Executing install in C__Users_Swati_source_repos_Advanced Java_wareHouseProject] INFO  o.eclipse.m2e.core.internal.Bundles - 	Entry: C:\Users\Swati\.p2\pool\plugins\org.eclipse.m2e.maven.runtime_3.9.700.20240602-2313\jars\plexus-sec-dispatcher-2.0.jar
2024-09-30 15:23:48,121 [Worker-8: Launching Executing install in C__Users_Swati_source_repos_Advanced Java_wareHouseProject] INFO  o.eclipse.m2e.core.internal.Bundles - 	Entry: C:\Users\Swati\.p2\pool\plugins\org.eclipse.m2e.maven.runtime_3.9.700.20240602-2313\jars\plexus-utils-3.5.1.jar
2024-09-30 15:23:48,122 [Worker-8: Launching Executing install in C__Users_Swati_source_repos_Advanced Java_wareHouseProject] INFO  o.eclipse.m2e.core.internal.Bundles - 	Entry: C:\Users\Swati\.p2\pool\plugins\org.eclipse.m2e.maven.runtime_3.9.700.20240602-2313\jars\wagon-file-3.5.3.jar
2024-09-30 15:23:48,122 [Worker-8: Launching Executing install in C__Users_Swati_source_repos_Advanced Java_wareHouseProject] INFO  o.eclipse.m2e.core.internal.Bundles - 	Entry: C:\Users\Swati\.p2\pool\plugins\org.eclipse.m2e.maven.runtime_3.9.700.20240602-2313\jars\wagon-http-3.5.3.jar
2024-09-30 15:23:48,122 [Worker-8: Launching Executing install in C__Users_Swati_source_repos_Advanced Java_wareHouseProject] INFO  o.eclipse.m2e.core.internal.Bundles - 	Entry: C:\Users\Swati\.p2\pool\plugins\org.eclipse.m2e.maven.runtime_3.9.700.20240602-2313\jars\wagon-http-shared-3.5.3.jar
2024-09-30 15:23:48,123 [Worker-8: Launching Executing install in C__Users_Swati_source_repos_Advanced Java_wareHouseProject] INFO  o.eclipse.m2e.core.internal.Bundles - 	Entry: C:\Users\Swati\.p2\pool\plugins\org.eclipse.m2e.maven.runtime_3.9.700.20240602-2313\jars\wagon-provider-api-3.5.3.jar
2024-09-30 15:23:48,123 [Worker-8: Launching Executing install in C__Users_Swati_source_repos_Advanced Java_wareHouseProject] INFO  o.eclipse.m2e.core.internal.Bundles - getClasspathEntries(Bundle=com.google.guava_33.2.0.jre [10])
2024-09-30 15:23:48,124 [Worker-8: Launching Executing install in C__Users_Swati_source_repos_Advanced Java_wareHouseProject] INFO  o.eclipse.m2e.core.internal.Bundles - 	Entry: C:\Users\Swati\.p2\pool\plugins\com.google.guava_33.2.0.jre.jar
2024-09-30 15:23:48,124 [Worker-8: Launching Executing install in C__Users_Swati_source_repos_Advanced Java_wareHouseProject] INFO  o.eclipse.m2e.core.internal.Bundles - getClasspathEntries(Bundle=slf4j.api_2.0.13 [520])
2024-09-30 15:23:48,125 [Worker-8: Launching Executing install in C__Users_Swati_source_repos_Advanced Java_wareHouseProject] INFO  o.eclipse.m2e.core.internal.Bundles - 	Entry: C:\Users\Swati\.p2\pool\plugins\slf4j.api_2.0.13.jar
2024-09-30 15:23:48,125 [Worker-8: Launching Executing install in C__Users_Swati_source_repos_Advanced Java_wareHouseProject] INFO  o.eclipse.m2e.core.internal.Bundles - getClasspathEntries(Bundle=jakarta.inject.jakarta.inject-api_1.0.5 [21])
2024-09-30 15:23:48,126 [Worker-8: Launching Executing install in C__Users_Swati_source_repos_Advanced Java_wareHouseProject] INFO  o.eclipse.m2e.core.internal.Bundles - 	Entry: C:\Users\Swati\.p2\pool\plugins\jakarta.inject.jakarta.inject-api_1.0.5.jar
2024-09-30 15:23:48,126 [Worker-8: Launching Executing install in C__Users_Swati_source_repos_Advanced Java_wareHouseProject] INFO  o.eclipse.m2e.core.internal.Bundles - getClasspathEntries(Bundle=javax.annotation_1.3.5.v20200909-1856 [24])
2024-09-30 15:23:48,127 [Worker-8: Launching Executing install in C__Users_Swati_source_repos_Advanced Java_wareHouseProject] INFO  o.eclipse.m2e.core.internal.Bundles - 	Entry: C:\Users\Swati\.p2\pool\plugins\javax.annotation_1.3.5.v20200909-1856.jar
2024-09-30 15:23:48,127 [Worker-8: Launching Executing install in C__Users_Swati_source_repos_Advanced Java_wareHouseProject] INFO  o.eclipse.m2e.core.internal.Bundles - getClasspathEntries(Bundle=org.apache.commons.cli_1.8.0 [47])
2024-09-30 15:23:48,127 [Worker-8: Launching Executing install in C__Users_Swati_source_repos_Advanced Java_wareHouseProject] INFO  o.eclipse.m2e.core.internal.Bundles - 	Entry: C:\Users\Swati\.p2\pool\plugins\org.apache.commons.cli_1.8.0.jar
2024-09-30 15:23:48,128 [Worker-8: Launching Executing install in C__Users_Swati_source_repos_Advanced Java_wareHouseProject] INFO  o.eclipse.m2e.core.internal.Bundles - getClasspathEntries(Bundle=org.apache.commons.commons-codec_1.16.0 [48])
2024-09-30 15:23:48,128 [Worker-8: Launching Executing install in C__Users_Swati_source_repos_Advanced Java_wareHouseProject] INFO  o.eclipse.m2e.core.internal.Bundles - 	Entry: C:\Users\Swati\.p2\pool\plugins\org.apache.commons.commons-codec_1.16.0.jar
2024-09-30 15:23:48,128 [Worker-8: Launching Executing install in C__Users_Swati_source_repos_Advanced Java_wareHouseProject] INFO  o.eclipse.m2e.core.internal.Bundles - getClasspathEntries(Bundle=org.apache.commons.lang3_3.14.0 [54])
2024-09-30 15:23:48,129 [Worker-8: Launching Executing install in C__Users_Swati_source_repos_Advanced Java_wareHouseProject] INFO  o.eclipse.m2e.core.internal.Bundles - 	Entry: C:\Users\Swati\.p2\pool\plugins\org.apache.commons.lang3_3.14.0.jar
2024-09-30 15:23:48,129 [Worker-8: Launching Executing install in C__Users_Swati_source_repos_Advanced Java_wareHouseProject] INFO  o.eclipse.m2e.core.internal.Bundles - getClasspathEntries(Bundle=com.google.guava.failureaccess_1.0.2 [11])
2024-09-30 15:23:48,129 [Worker-8: Launching Executing install in C__Users_Swati_source_repos_Advanced Java_wareHouseProject] INFO  o.eclipse.m2e.core.internal.Bundles - 	Entry: C:\Users\Swati\.p2\pool\plugins\com.google.guava.failureaccess_1.0.2.jar
2024-09-30 15:23:48,131 [Worker-8: Launching Executing install in C__Users_Swati_source_repos_Advanced Java_wareHouseProject] INFO  o.e.m.i.launch.MavenLaunchDelegate - Run build in "C:\Users\Swati\source\repos\Advanced Java\wareHouseProject":
2024-09-30 15:23:48,132 [Worker-8: Launching Executing install in C__Users_Swati_source_repos_Advanced Java_wareHouseProject] INFO  o.e.m.i.launch.MavenLaunchDelegate -  mvn  -B -Dstyle.color=always install
2024-09-30 15:23:57,785 [Worker-0: Building] INFO  o.a.m.s.f.DefaultMavenResourcesFiltering - skip non existing resourceDirectory C:\Users\Swati\source\repos\Advanced Java\wareHouseProject\src\main\resources
2024-09-30 15:23:57,788 [Worker-0: Building] INFO  o.a.m.s.f.DefaultMavenResourcesFiltering - skip non existing resourceDirectory C:\Users\Swati\source\repos\Advanced Java\wareHouseProject\src\test\resources
2024-09-30 15:28:39,133 [Worker-22: Building] INFO  o.a.m.s.f.DefaultMavenResourcesFiltering - skip non existing resourceDirectory C:\Users\Swati\source\repos\Advanced Java\wareHouseProject\src\main\resources
2024-09-30 15:28:39,136 [Worker-22: Building] INFO  o.a.m.s.f.DefaultMavenResourcesFiltering - skip non existing resourceDirectory C:\Users\Swati\source\repos\Advanced Java\wareHouseProject\src\test\resources
2024-09-30 15:36:47,669 [Worker-10: Building] ERROR o.e.m.c.i.p.r.ProjectRegistryManager - File not found: C:\Users\Swati\git\wareHouseProject\wareHouseProject\pom.xml.
org.eclipse.core.internal.resources.ResourceException: File not found: C:\Users\Swati\git\wareHouseProject\wareHouseProject\pom.xml.
	at org.eclipse.core.internal.localstore.FileSystemResourceManager.read(FileSystemResourceManager.java:882)
	at org.eclipse.core.internal.resources.File.getContents(File.java:299)
	at org.eclipse.core.internal.resources.File.getContents(File.java:290)
	at org.eclipse.m2e.core.internal.project.registry.ProjectRegistryManager.refreshPhase2(ProjectRegistryManager.java:589)
	at org.eclipse.m2e.core.internal.project.registry.ProjectRegistryManager.refresh(ProjectRegistryManager.java:491)
	at org.eclipse.m2e.core.internal.project.registry.ProjectRegistryManager.refresh(ProjectRegistryManager.java:370)
	at org.eclipse.m2e.core.internal.project.registry.ProjectRegistryManager.refresh(ProjectRegistryManager.java:322)
	at org.eclipse.m2e.core.internal.builder.MavenBuilder$BuildMethod.getProjectFacade(MavenBuilder.java:146)
	at org.eclipse.m2e.core.internal.builder.MavenBuilder$BuildMethod.lambda$0(MavenBuilder.java:84)
	at org.eclipse.m2e.core.internal.embedder.MavenExecutionContext.executeBare(MavenExecutionContext.java:458)
	at org.eclipse.m2e.core.internal.embedder.MavenExecutionContext.execute(MavenExecutionContext.java:339)
	at org.eclipse.m2e.core.internal.embedder.MavenExecutionContext.execute(MavenExecutionContext.java:278)
	at org.eclipse.m2e.core.internal.builder.MavenBuilder$BuildMethod.execute(MavenBuilder.java:83)
	at org.eclipse.m2e.core.internal.builder.MavenBuilder.build(MavenBuilder.java:192)
	at org.eclipse.core.internal.events.BuildManager$2.run(BuildManager.java:1077)
	at org.eclipse.core.runtime.SafeRunner.run(SafeRunner.java:47)
	at org.eclipse.core.internal.events.BuildManager.basicBuild(BuildManager.java:296)
	at org.eclipse.core.internal.events.BuildManager.basicBuild(BuildManager.java:352)
	at org.eclipse.core.internal.events.BuildManager$1.run(BuildManager.java:441)
	at org.eclipse.core.runtime.SafeRunner.run(SafeRunner.java:47)
	at org.eclipse.core.internal.events.BuildManager.basicBuild(BuildManager.java:444)
	at org.eclipse.core.internal.events.BuildManager.basicBuildLoop(BuildManager.java:555)
	at org.eclipse.core.internal.events.BuildManager.basicBuildLoop(BuildManager.java:503)
	at org.eclipse.core.internal.events.BuildManager.build(BuildManager.java:585)
	at org.eclipse.core.internal.events.AutoBuildJob.doBuild(AutoBuildJob.java:207)
	at org.eclipse.core.internal.events.AutoBuildJob.run(AutoBuildJob.java:300)
	at org.eclipse.core.internal.jobs.Worker.run(Worker.java:63)
Caused by: java.lang.Exception: File not found: C:\Users\Swati\git\wareHouseProject\wareHouseProject\pom.xml.
	at org.eclipse.core.internal.resources.ResourceException.provideStackTrace(ResourceException.java:42)
	at org.eclipse.core.internal.resources.ResourceException.<init>(ResourceException.java:38)
	... 27 common frames omitted
2024-09-30 15:43:24,684 [Worker-4: Loading available Gradle versions] INFO  o.e.b.c.i.u.g.PublishedGradleVersions - Gradle version information cache is up-to-date. Trying to read.
